<?xml version="1.0" encoding="UTF-8"?>
<!-- Generated by org.testng.reporters.JUnitReportReporter -->
<testsuite hostname="DESKTOP-3R5TTIF" failures="0" tests="5" name="TestNgUsingHelperAttributes.UsingPriorityFlag" time="0.032" errors="0" timestamp="2025-09-17T16:03:25 IST" skipped="0">
  <testcase classname="TestNgUsingHelperAttributes.UsingPriorityFlag" name="create" time="0.006"/>
  <testcase classname="TestNgUsingHelperAttributes.UsingPriorityFlag" name="login" time="0.002"/>
  <testcase classname="TestNgUsingHelperAttributes.UsingPriorityFlag" name="register" time="0.018"/>
  <testcase classname="TestNgUsingHelperAttributes.UsingPriorityFlag" name="create" time="0.001"/>
  <testcase classname="TestNgUsingHelperAttributes.UsingPriorityFlag" name="create" time="0.005"/>
</testsuite> <!-- TestNgUsingHelperAttributes.UsingPriorityFlag -->
