<?xml version="1.0" encoding="UTF-8"?>
<!-- Generated by org.testng.reporters.JUnitReportReporter -->
<testsuite hostname="DESKTOP-3R5TTIF" failures="0" tests="2" name="ListenersUtilization.ListenersTest" time="0.025" errors="0" timestamp="2025-09-23T14:55:32 IST" skipped="0">
  <testcase classname="ListenersUtilization.ListenersTest" name="demo_1" time="0.006"/>
  <testcase classname="ListenersUtilization.ListenersTest" name="demo" time="0.019"/>
</testsuite> <!-- ListenersUtilization.ListenersTest -->
