<?xml version="1.0" encoding="UTF-8"?>
<!-- Generated by org.testng.reporters.JUnitReportReporter -->
<testsuite hostname="DESKTOP-3R5TTIF" failures="0" tests="3" name="TestNg.NavigateToSwiggy" time="28.744" errors="0" timestamp="2025-09-22T15:30:10 IST" skipped="0">
  <testcase classname="TestNg.NavigateToSwiggy" name="swiggy" time="11.300"/>
  <testcase classname="TestNg.NavigateToSwiggy" name="swiggy" time="8.904"/>
  <testcase classname="TestNg.NavigateToSwiggy" name="swiggy" time="8.540"/>
</testsuite> <!-- TestNg.NavigateToSwiggy -->
