<?xml version="1.0" encoding="UTF-8"?>
<!-- Generated by org.testng.reporters.JUnitReportReporter -->
<testsuite hostname="DESKTOP-3R5TTIF" failures="0" tests="2" name="DataProvidersUtilization.UsingDataProviders" time="0.031" errors="0" timestamp="2025-09-23T15:46:14 IST" skipped="0">
  <testcase classname="DataProvidersUtilization.UsingDataProviders" name="loginTest" time="0.027"/>
  <testcase classname="DataProvidersUtilization.UsingDataProviders" name="loginTest" time="0.004"/>
</testsuite> <!-- DataProvidersUtilization.UsingDataProviders -->
