<?xml version="1.0" encoding="UTF-8"?>
<!-- Generated by org.testng.reporters.JUnitReportReporter -->
<testsuite hostname="DESKTOP-3R5TTIF" failures="0" tests="3" name="TestNg.NavigateToQspiders" time="28.423" errors="0" timestamp="2025-09-22T15:30:10 IST" skipped="0">
  <testcase classname="TestNg.NavigateToQspiders" name="qspiders" time="9.002"/>
  <testcase classname="TestNg.NavigateToQspiders" name="qspiders" time="10.854"/>
  <testcase classname="TestNg.NavigateToQspiders" name="qspiders" time="8.567"/>
</testsuite> <!-- TestNg.NavigateToQspiders -->
