<?xml version="1.0" encoding="UTF-8"?>
<!-- Generated by org.testng.reporters.JUnitReportReporter -->
<testsuite hostname="DESKTOP-3R5TTIF" failures="0" tests="3" name="TestNg.NavigateToZomato" time="18.501" errors="0" timestamp="2025-09-22T15:30:10 IST" skipped="0">
  <testcase classname="TestNg.NavigateToZomato" name="zomato" time="4.971"/>
  <testcase classname="TestNg.NavigateToZomato" name="zomato" time="8.344"/>
  <testcase classname="TestNg.NavigateToZomato" name="zomato" time="5.186"/>
</testsuite> <!-- TestNg.NavigateToZomato -->
