<?xml version="1.0" encoding="UTF-8"?>
<!-- Generated by org.testng.reporters.JUnitReportReporter -->
<testsuite hostname="DESKTOP-3R5TTIF" failures="0" tests="2" name="BaseclassUtilization.TestScript" time="0.013" errors="0" timestamp="2025-09-22T15:12:44 IST" skipped="0">
  <testcase classname="BaseclassUtilization.TestScript" name="modify" time="0.004"/>
  <testcase classname="BaseclassUtilization.TestScript" name="create" time="0.009"/>
</testsuite> <!-- BaseclassUtilization.TestScript -->
