<?xml version="1.0" encoding="UTF-8"?>
<!-- Generated by org.testng.reporters.JUnitReportReporter -->
<testsuite hostname="DESKTOP-3R5TTIF" failures="0" tests="3" name="TestNg.NavigateToFlipkart" time="54.746" errors="0" timestamp="2025-09-22T15:30:10 IST" skipped="0">
  <testcase classname="TestNg.NavigateToFlipkart" name="flipkart" time="9.107"/>
  <testcase classname="TestNg.NavigateToFlipkart" name="flipkart" time="36.532"/>
  <testcase classname="TestNg.NavigateToFlipkart" name="flipkart" time="9.107"/>
</testsuite> <!-- TestNg.NavigateToFlipkart -->
